[01m[K/home/jons/ros2_ws/src/cpp_parameter_event_handler/src/parameter_event_handler.cpp:[m[K In constructor â€˜[01m[KSampleNodeWithParameters::SampleNodeWithParameters()[m[Kâ€™:
[01m[K/home/jons/ros2_ws/src/cpp_parameter_event_handler/src/parameter_event_handler.cpp:27:80:[m[K [01;31m[Kerror: [m[Kâ€˜[01m[Kcb2[m[Kâ€™ was not declared in this scope; did you mean â€˜[01m[Kcb[m[Kâ€™?
   27 | subscriber_->add_parameter_callback(remote_param_name, [01;31m[Kcb2[m[K, remote_node_name);
      |                                                        [01;31m[K^~~[m[K
      |                                                        [32m[Kcb[m[K
gmake[2]: *** [CMakeFiles/parameter_event_handler.dir/build.make:76: CMakeFiles/parameter_event_handler.dir/src/parameter_event_handler.cpp.o] Error 1
gmake[1]: *** [CMakeFiles/Makefile2:137: CMakeFiles/parameter_event_handler.dir/all] Error 2
gmake: *** [Makefile:146: all] Error 2
